# JRE version: Java(TM) SE Runtime Environment (8.0_271-b09) (build 1.8.0_271-b09)
# Java VM: Java HotSpot(TM) 64-Bit Server VM (25.271-b09 mixed mode linux-amd64 compressed oops)
Heap:
 PSYoungGen      total 347136K, used 190010K [0x00000000e0000000, 0x0000000100000000, 0x0000000100000000)
  eden space 210944K, 30% used [0x00000000e0000000,0x00000000e3e356c8,0x00000000ece00000)
  from space 136192K, 92% used [0x00000000f7b00000,0x00000000ff6592b0,0x0000000100000000)
  to   space 156672K, 0% used [0x00000000ece00000,0x00000000ece00000,0x00000000f6700000)
 ParOldGen       total 825856K, used 522876K [0x00000000a0000000, 0x00000000d2680000, 0x00000000e0000000)
  object space 825856K, 63% used [0x00000000a0000000,0x00000000bfe9f0d8,0x00000000d2680000)
 Metaspace       used 151393K, capacity 162626K, committed 163072K, reserved 1189888K
  class space    used 19583K, capacity 22100K, committed 22528K, reserved 1048576K
GC Heap History (10 events):
Event: 3032.380 GC heap before
{Heap before GC invocations=189 (full 15):
 PSYoungGen      total 372224K, used 280741K [0x00000000e0000000, 0x00000000ff800000, 0x0000000100000000)
  eden space 236032K, 100% used [0x00000000e0000000,0x00000000ee680000,0x00000000ee680000)
  from space 136192K, 32% used [0x00000000ee680000,0x00000000f1229430,0x00000000f6b80000)
  to   space 128000K, 0% used [0x00000000f7b00000,0x00000000f7b00000,0x00000000ff800000)
 ParOldGen       total 825856K, used 503038K [0x00000000a0000000, 0x00000000d2680000, 0x00000000e0000000)
  object space 825856K, 60% used [0x00000000a0000000,0x00000000beb3f938,0x00000000d2680000)
 Metaspace       used 151118K, capacity 162270K, committed 162816K, reserved 1189888K
  class space    used 19571K, capacity 22082K, committed 22528K, reserved 1048576K
Event: 3032.402 GC heap after
Heap after GC invocations=189 (full 15):
 PSYoungGen      total 380928K, used 83860K [0x00000000e0000000, 0x0000000100000000, 0x0000000100000000)
  eden space 252928K, 0% used [0x00000000e0000000,0x00000000e0000000,0x00000000ef700000)
  from space 128000K, 65% used [0x00000000f7b00000,0x00000000fcce5358,0x00000000ff800000)
  to   space 135168K, 0% used [0x00000000ef700000,0x00000000ef700000,0x00000000f7b00000)
 ParOldGen       total 825856K, used 519474K [0x00000000a0000000, 0x00000000d2680000, 0x00000000e0000000)
  object space 825856K, 62% used [0x00000000a0000000,0x00000000bfb4cb50,0x00000000d2680000)
 Metaspace       used 151118K, capacity 162270K, committed 162816K, reserved 1189888K
  class space    used 19571K, capacity 22082K, committed 22528K, reserved 1048576K
}
Event: 3488.888 GC heap before
{Heap before GC invocations=190 (full 15):
 PSYoungGen      total 380928K, used 336786K [0x00000000e0000000, 0x0000000100000000, 0x0000000100000000)
  eden space 252928K, 99% used [0x00000000e0000000,0x00000000ef6ff6c8,0x00000000ef700000)
  from space 128000K, 65% used [0x00000000f7b00000,0x00000000fcce5358,0x00000000ff800000)
  to   space 135168K, 0% used [0x00000000ef700000,0x00000000ef700000,0x00000000f7b00000)
 ParOldGen       total 825856K, used 519474K [0x00000000a0000000, 0x00000000d2680000, 0x00000000e0000000)
  object space 825856K, 62% used [0x00000000a0000000,0x00000000bfb4cb50,0x00000000d2680000)
 Metaspace       used 151154K, capacity 162414K, committed 163072K, reserved 1189888K
  class space    used 19573K, capacity 22086K, committed 22528K, reserved 1048576K
Event: 3489.049 GC heap after
Heap after GC invocations=190 (full 15):
 PSYoungGen      total 388096K, used 1375K [0x00000000e0000000, 0x0000000100000000, 0x0000000100000000)
  eden space 252928K, 0% used [0x00000000e0000000,0x00000000e0000000,0x00000000ef700000)
  from space 135168K, 1% used [0x00000000ef700000,0x00000000ef857fc0,0x00000000f7b00000)
  to   space 133632K, 0% used [0x00000000f7d80000,0x00000000f7d80000,0x0000000100000000)
 ParOldGen       total 825856K, used 521621K [0x00000000a0000000, 0x00000000d2680000, 0x00000000e0000000)
  object space 825856K, 63% used [0x00000000a0000000,0x00000000bfd656c0,0x00000000d2680000)
 Metaspace       used 151154K, capacity 162414K, committed 163072K, reserved 1189888K
  class space    used 19573K, capacity 22086K, committed 22528K, reserved 1048576K
}
Event: 6470.386 GC heap before
{Heap before GC invocations=191 (full 15):
 PSYoungGen      total 388096K, used 254303K [0x00000000e0000000, 0x0000000100000000, 0x0000000100000000)
  eden space 252928K, 100% used [0x00000000e0000000,0x00000000ef700000,0x00000000ef700000)
  from space 135168K, 1% used [0x00000000ef700000,0x00000000ef857fc0,0x00000000f7b00000)
  to   space 133632K, 0% used [0x00000000f7d80000,0x00000000f7d80000,0x0000000100000000)
 ParOldGen       total 825856K, used 521621K [0x00000000a0000000, 0x00000000d2680000, 0x00000000e0000000)
  object space 825856K, 63% used [0x00000000a0000000,0x00000000bfd656c0,0x00000000d2680000)
 Metaspace       used 151278K, capacity 162444K, committed 163072K, reserved 1189888K
  class space    used 19576K, capacity 22091K, committed 22528K, reserved 1048576K
Event: 6470.431 GC heap after
Heap after GC invocations=191 (full 15):
 PSYoungGen      total 372224K, used 44916K [0x00000000e0000000, 0x00000000fef80000, 0x0000000100000000)
  eden space 255488K, 0% used [0x00000000e0000000,0x00000000e0000000,0x00000000ef980000)
  from space 116736K, 38% used [0x00000000f7d80000,0x00000000fa95d260,0x00000000fef80000)
  to   space 125952K, 0% used [0x00000000ef980000,0x00000000ef980000,0x00000000f7480000)
 ParOldGen       total 825856K, used 522868K [0x00000000a0000000, 0x00000000d2680000, 0x00000000e0000000)
  object space 825856K, 63% used [0x00000000a0000000,0x00000000bfe9d0d8,0x00000000d2680000)
 Metaspace       used 151278K, capacity 162444K, committed 163072K, reserved 1189888K
  class space    used 19576K, capacity 22091K, committed 22528K, reserved 1048576K
}
Event: 6477.838 GC heap before
{Heap before GC invocations=192 (full 15):
 PSYoungGen      total 372224K, used 300404K [0x00000000e0000000, 0x00000000fef80000, 0x0000000100000000)
  eden space 255488K, 100% used [0x00000000e0000000,0x00000000ef980000,0x00000000ef980000)
  from space 116736K, 38% used [0x00000000f7d80000,0x00000000fa95d260,0x00000000fef80000)
  to   space 125952K, 0% used [0x00000000ef980000,0x00000000ef980000,0x00000000f7480000)
 ParOldGen       total 825856K, used 522868K [0x00000000a0000000, 0x00000000d2680000, 0x00000000e0000000)
  object space 825856K, 63% used [0x00000000a0000000,0x00000000bfe9d0d8,0x00000000d2680000)
 Metaspace       used 151364K, capacity 162562K, committed 163072K, reserved 1189888K
  class space    used 19582K, capacity 22100K, committed 22528K, reserved 1048576K
Event: 6477.895 GC heap after
Heap after GC invocations=192 (full 15):
 PSYoungGen      total 381440K, used 91796K [0x00000000e0000000, 0x0000000100000000, 0x0000000100000000)
  eden space 255488K, 0% used [0x00000000e0000000,0x00000000e0000000,0x00000000ef980000)
  from space 125952K, 72% used [0x00000000ef980000,0x00000000f53252a0,0x00000000f7480000)
  to   space 136192K, 0% used [0x00000000f7b00000,0x00000000f7b00000,0x0000000100000000)
 ParOldGen       total 825856K, used 522876K [0x00000000a0000000, 0x00000000d2680000, 0x00000000e0000000)
  object space 825856K, 63% used [0x00000000a0000000,0x00000000bfe9f0d8,0x00000000d2680000)
 Metaspace       used 151364K, capacity 162562K, committed 163072K, reserved 1189888K
  class space    used 19582K, capacity 22100K, committed 22528K, reserved 1048576K
}
Event: 6478.321 GC heap before
{Heap before GC invocations=193 (full 15):
 PSYoungGen      total 381440K, used 347284K [0x00000000e0000000, 0x0000000100000000, 0x0000000100000000)
  eden space 255488K, 100% used [0x00000000e0000000,0x00000000ef980000,0x00000000ef980000)
  from space 125952K, 72% used [0x00000000ef980000,0x00000000f53252a0,0x00000000f7480000)
  to   space 136192K, 0% used [0x00000000f7b00000,0x00000000f7b00000,0x0000000100000000)
 ParOldGen       total 825856K, used 522876K [0x00000000a0000000, 0x00000000d2680000, 0x00000000e0000000)
  object space 825856K, 63% used [0x00000000a0000000,0x00000000bfe9f0d8,0x00000000d2680000)
 Metaspace       used 151388K, capacity 162626K, committed 163072K, reserved 1189888K
  class space    used 19582K, capacity 22100K, committed 22528K, reserved 1048576K
Event: 6478.387 GC heap after
Heap after GC invocations=193 (full 15):
 PSYoungGen      total 347136K, used 126308K [0x00000000e0000000, 0x0000000100000000, 0x0000000100000000)
  eden space 210944K, 0% used [0x00000000e0000000,0x00000000e0000000,0x00000000ece00000)
  from space 136192K, 92% used [0x00000000f7b00000,0x00000000ff6592b0,0x0000000100000000)
  to   space 156672K, 0% used [0x00000000ece00000,0x00000000ece00000,0x00000000f6700000)
 ParOldGen       total 825856K, used 522876K [0x00000000a0000000, 0x00000000d2680000, 0x00000000e0000000)
  object space 825856K, 63% used [0x00000000a0000000,0x00000000bfe9f0d8,0x00000000d2680000)
 Metaspace       used 151388K, capacity 162626K, committed 163072K, reserved 1189888K
  class space    used 19582K, capacity 22100K, committed 22528K, reserved 1048576K
}

